============================== Settings =============================
	Name:			RexBDD
	Number of variables:	403
	Encoding purpose:	Set
	Range type:		Boolean: N = 1
	Range value type:	int
	Range special values:	NO Special
	Reduction type:		Rex
	Number of rules:	9
	Reduction rules:	EL0  AL0  EL1  AL1  EH0  AH0  EH1  AH1  X  
	Swap type:		Yes: Swap-one
	Complement allowed:	Yes
	Encoding Mechanism:	Terminal
	Merge type:		Push up
============================ Settings End ===========================
Begin saturation
Peak Nodes: 3632570,Final Nodes: 202,Operation time: 402.329
============================== Settings =============================
	Name:			RexBDD
	Number of variables:	323
	Encoding purpose:	Set
	Range type:		Boolean: N = 1
	Range value type:	int
	Range special values:	NO Special
	Reduction type:		Rex
	Number of rules:	9
	Reduction rules:	EL0  AL0  EL1  AL1  EH0  AH0  EH1  AH1  X  
	Swap type:		Yes: Swap-one
	Complement allowed:	Yes
	Encoding Mechanism:	Terminal
	Merge type:		Push up
============================ Settings End ===========================
Begin saturation
Peak Nodes: 2236680,Final Nodes: 162,Operation time: 236.385
============================== Settings =============================
	Name:			RexBDD
	Number of variables:	243
	Encoding purpose:	Set
	Range type:		Boolean: N = 1
	Range value type:	int
	Range special values:	NO Special
	Reduction type:		Rex
	Number of rules:	9
	Reduction rules:	EL0  AL0  EL1  AL1  EH0  AH0  EH1  AH1  X  
	Swap type:		Yes: Swap-one
	Complement allowed:	Yes
	Encoding Mechanism:	Terminal
	Merge type:		Push up
============================ Settings End ===========================
Begin saturation
Peak Nodes: 1204190,Final Nodes: 122,Operation time: 113.558
============================== Settings =============================
	Name:			RexBDD
	Number of variables:	163
	Encoding purpose:	Set
	Range type:		Boolean: N = 1
	Range value type:	int
	Range special values:	NO Special
	Reduction type:		Rex
	Number of rules:	9
	Reduction rules:	EL0  AL0  EL1  AL1  EH0  AH0  EH1  AH1  X  
	Swap type:		Yes: Swap-one
	Complement allowed:	Yes
	Encoding Mechanism:	Terminal
	Merge type:		Push up
============================ Settings End ===========================
Begin saturation
Peak Nodes: 495100,Final Nodes: 82,Operation time: 40.187
============================== Settings =============================
	Name:			RexBDD
	Number of variables:	106
	Encoding purpose:	Set
	Range type:		Boolean: N = 1
	Range value type:	int
	Range special values:	NO Special
	Reduction type:		Rex
	Number of rules:	9
	Reduction rules:	EL0  AL0  EL1  AL1  EH0  AH0  EH1  AH1  X  
	Swap type:		Yes: Swap-one
	Complement allowed:	Yes
	Encoding Mechanism:	Terminal
	Merge type:		Push up
============================ Settings End ===========================
Begin saturation
Peak Nodes: 172662,Final Nodes: 135,Operation time: 60.3041
============================== Settings =============================
	Name:			RexBDD
	Number of variables:	83
	Encoding purpose:	Set
	Range type:		Boolean: N = 1
	Range value type:	int
	Range special values:	NO Special
	Reduction type:		Rex
	Number of rules:	9
	Reduction rules:	EL0  AL0  EL1  AL1  EH0  AH0  EH1  AH1  X  
	Swap type:		Yes: Swap-one
	Complement allowed:	Yes
	Encoding Mechanism:	Terminal
	Merge type:		Push up
============================ Settings End ===========================
Begin saturation
Peak Nodes: 86330,Final Nodes: 42,Operation time: 7.03822
============================== Settings =============================
	Name:			RexBDD
	Number of variables:	115
	Encoding purpose:	Set
	Range type:		Boolean: N = 1
	Range value type:	int
	Range special values:	NO Special
	Reduction type:		Rex
	Number of rules:	9
	Reduction rules:	EL0  AL0  EL1  AL1  EH0  AH0  EH1  AH1  X  
	Swap type:		Yes: Swap-one
	Complement allowed:	Yes
	Encoding Mechanism:	Terminal
	Merge type:		Push up
============================ Settings End ===========================
Begin saturation
Peak Nodes: 3752078,Final Nodes: 45052,Operation time: 1013.65
============================== Settings =============================
	Name:			RexBDD
	Number of variables:	43
	Encoding purpose:	Set
	Range type:		Boolean: N = 1
	Range value type:	int
	Range special values:	NO Special
	Reduction type:		Rex
	Number of rules:	9
	Reduction rules:	EL0  AL0  EL1  AL1  EH0  AH0  EH1  AH1  X  
	Swap type:		Yes: Swap-one
	Complement allowed:	Yes
	Encoding Mechanism:	Terminal
	Merge type:		Push up
============================ Settings End ===========================
Begin saturation
Peak Nodes: 9949,Final Nodes: 22,Operation time: 0.820168
============================== Settings =============================
	Name:			RexBDD
	Number of variables:	35
	Encoding purpose:	Set
	Range type:		Boolean: N = 1
	Range value type:	int
	Range special values:	NO Special
	Reduction type:		Rex
	Number of rules:	9
	Reduction rules:	EL0  AL0  EL1  AL1  EH0  AH0  EH1  AH1  X  
	Swap type:		Yes: Swap-one
	Complement allowed:	Yes
	Encoding Mechanism:	Terminal
	Merge type:		Push up
============================ Settings End ===========================
Begin saturation
Peak Nodes: 6772,Final Nodes: 18,Operation time: 0.643986
============================== Settings =============================
	Name:			RexBDD
	Number of variables:	123
	Encoding purpose:	Set
	Range type:		Boolean: N = 1
	Range value type:	int
	Range special values:	NO Special
	Reduction type:		Rex
	Number of rules:	9
	Reduction rules:	EL0  AL0  EL1  AL1  EH0  AH0  EH1  AH1  X  
	Swap type:		Yes: Swap-one
	Complement allowed:	Yes
	Encoding Mechanism:	Terminal
	Merge type:		Push up
============================ Settings End ===========================
Begin saturation
Peak Nodes: 3301422,Final Nodes: 128270,Operation time: 969.74
============================== Settings =============================
	Name:			RexBDD
	Number of variables:	27
	Encoding purpose:	Set
	Range type:		Boolean: N = 1
	Range value type:	int
	Range special values:	NO Special
	Reduction type:		Rex
	Number of rules:	9
	Reduction rules:	EL0  AL0  EL1  AL1  EH0  AH0  EH1  AH1  X  
	Swap type:		Yes: Swap-one
	Complement allowed:	Yes
	Encoding Mechanism:	Terminal
	Merge type:		Push up
============================ Settings End ===========================
Begin saturation
Peak Nodes: 2418,Final Nodes: 14,Operation time: 0.381292
============================== Settings =============================
	Name:			RexBDD
	Number of variables:	119
	Encoding purpose:	Set
	Range type:		Boolean: N = 1
	Range value type:	int
	Range special values:	NO Special
	Reduction type:		Rex
	Number of rules:	9
	Reduction rules:	EL0  AL0  EL1  AL1  EH0  AH0  EH1  AH1  X  
	Swap type:		Yes: Swap-one
	Complement allowed:	Yes
	Encoding Mechanism:	Terminal
	Merge type:		Push up
============================ Settings End ===========================
Begin saturation
Peak Nodes: 575749,Final Nodes: 43580,Operation time: 204.909
============================== Settings =============================
	Name:			RexBDD
	Number of variables:	40
	Encoding purpose:	Set
	Range type:		Boolean: N = 1
	Range value type:	int
	Range special values:	NO Special
	Reduction type:		Rex
	Number of rules:	9
	Reduction rules:	EL0  AL0  EL1  AL1  EH0  AH0  EH1  AH1  X  
	Swap type:		Yes: Swap-one
	Complement allowed:	Yes
	Encoding Mechanism:	Terminal
	Merge type:		Push up
============================ Settings End ===========================
Begin saturation
Peak Nodes: 4014,Final Nodes: 357,Operation time: 1.1813
============================== Settings =============================
	Name:			RexBDD
	Number of variables:	19
	Encoding purpose:	Set
	Range type:		Boolean: N = 1
	Range value type:	int
	Range special values:	NO Special
	Reduction type:		Rex
	Number of rules:	9
	Reduction rules:	EL0  AL0  EL1  AL1  EH0  AH0  EH1  AH1  X  
	Swap type:		Yes: Swap-one
	Complement allowed:	Yes
	Encoding Mechanism:	Terminal
	Merge type:		Push up
============================ Settings End ===========================
Begin saturation
Peak Nodes: 937,Final Nodes: 10,Operation time: 0.289803
============================== Settings =============================
	Name:			RexBDD
	Number of variables:	193
	Encoding purpose:	Set
	Range type:		Boolean: N = 1
	Range value type:	int
	Range special values:	NO Special
	Reduction type:		Rex
	Number of rules:	9
	Reduction rules:	EL0  AL0  EL1  AL1  EH0  AH0  EH1  AH1  X  
	Swap type:		Yes: Swap-one
	Complement allowed:	Yes
	Encoding Mechanism:	Terminal
	Merge type:		Push up
============================ Settings End ===========================
Begin saturation
Peak Nodes: 19713983,Final Nodes: 102,Operation time: 1637.09
============================== Settings =============================
	Name:			RexBDD
	Number of variables:	98
	Encoding purpose:	Set
	Range type:		Boolean: N = 1
	Range value type:	int
	Range special values:	NO Special
	Reduction type:		Rex
	Number of rules:	9
	Reduction rules:	EL0  AL0  EL1  AL1  EH0  AH0  EH1  AH1  X  
	Swap type:		Yes: Swap-one
	Complement allowed:	Yes
	Encoding Mechanism:	Terminal
	Merge type:		Push up
============================ Settings End ===========================
Begin saturation
Peak Nodes: 1199517,Final Nodes: 52,Operation time: 112.203
============================== Settings =============================
	Name:			RexBDD
	Number of variables:	79
	Encoding purpose:	Set
	Range type:		Boolean: N = 1
	Range value type:	int
	Range special values:	NO Special
	Reduction type:		Rex
	Number of rules:	9
	Reduction rules:	EL0  AL0  EL1  AL1  EH0  AH0  EH1  AH1  X  
	Swap type:		Yes: Swap-one
	Complement allowed:	Yes
	Encoding Mechanism:	Terminal
	Merge type:		Push up
============================ Settings End ===========================
Begin saturation
Peak Nodes: 297940,Final Nodes: 42,Operation time: 27.8292
============================== Settings =============================
	Name:			RexBDD
	Number of variables:	60
	Encoding purpose:	Set
	Range type:		Boolean: N = 1
	Range value type:	int
	Range special values:	NO Special
	Reduction type:		Rex
	Number of rules:	9
	Reduction rules:	EL0  AL0  EL1  AL1  EH0  AH0  EH1  AH1  X  
	Swap type:		Yes: Swap-one
	Complement allowed:	Yes
	Encoding Mechanism:	Terminal
	Merge type:		Push up
============================ Settings End ===========================
Begin saturation
Peak Nodes: 111804,Final Nodes: 32,Operation time: 9.20222
============================== Settings =============================
	Name:			RexBDD
	Number of variables:	41
	Encoding purpose:	Set
	Range type:		Boolean: N = 1
	Range value type:	int
	Range special values:	NO Special
	Reduction type:		Rex
	Number of rules:	9
	Reduction rules:	EL0  AL0  EL1  AL1  EH0  AH0  EH1  AH1  X  
	Swap type:		Yes: Swap-one
	Complement allowed:	Yes
	Encoding Mechanism:	Terminal
	Merge type:		Push up
============================ Settings End ===========================
Begin saturation
Peak Nodes: 16291,Final Nodes: 22,Operation time: 1.30321
============================== Settings =============================
	Name:			RexBDD
	Number of variables:	22
	Encoding purpose:	Set
	Range type:		Boolean: N = 1
	Range value type:	int
	Range special values:	NO Special
	Reduction type:		Rex
	Number of rules:	9
	Reduction rules:	EL0  AL0  EL1  AL1  EH0  AH0  EH1  AH1  X  
	Swap type:		Yes: Swap-one
	Complement allowed:	Yes
	Encoding Mechanism:	Terminal
	Merge type:		Push up
============================ Settings End ===========================
Begin saturation
Peak Nodes: 1667,Final Nodes: 12,Operation time: 0.342467
